<?xml version="1.0" encoding="UTF-8"?>
<testsuites name="testSuite1" time="55" tests="0" failures="1" errors="0">
   <testsuite name="testSuite1" tests="0" failures="1" errors="0" time="55" timestamp="2018-03-19 16:02:50" hostname="pandu.buana - 10.0.1.227" id="Test Suites/testSuite1">
      <properties>
         <property name="deviceName" value=""/>
         <property name="devicePlatform" value=""/>
         <property name="logFolder" value="/Users/pandu.buana/Katalon Studio/testerProject/Reports/testSuite1/20180319_160247"/>
         <property name="logFiles" value="/Users/pandu.buana/Katalon Studio/testerProject/Reports/testSuite1/20180319_160247/execution0.log"/>
         <property name="attachments" value="/Users/pandu.buana/Katalon Studio/testerProject/Reports/testSuite1/20180319_160247/1521450225719.png"/>
         <property name="hostName" value="pandu.buana - 10.0.1.227"/>
         <property name="os" value="Mac OS X 64bit"/>
         <property name="katalonVersion" value="5.3.1.1"/>
         <property name="browser" value="Chrome 65.0.3325.162"/>
         <property name="hostAddress" value="10.0.1.227"/>
         <property name="sessionId" value="c3ae73e7502c23a5ebb5ed6c133470c8"/>
         <property name="seleniumVersion" value="3.7.1"/>
         <property name="proxyInformation" value="ProxyInformation{proxyOption=NO_PROXY, proxyServerType=HTTP, password=, proxyServerAddress=, proxyServerPort=0}"/>
         <property name="platform" value="Mac OS X"/>
      </properties>
      <testcase name="Test Cases/New Test Case" classname="Test Cases/New Test Case" status="FAILED">
         <failure type="FAILED" message="Unable to send keys 'testerautomation@mailinator.com' to object 'Object Repository/Web/Page_UangTeman.com Pinjaman online (1)/input_ap_email_address' (Root cause: org.openqa.selenium.ElementNotVisibleException: element not visible
  (Session info: chrome=65.0.3325.162)
  (Driver info: chromedriver=2.35.528157 (4429ca2590d6988c0745c24c8858745aaaec01ef),platform=Mac OS X 10.12.6 x86_64) (WARNING: The server did not provide any stacktrace information)
Command duration or timeout: 0 milliseconds
Build info: version: '3.7.1', revision: '8a0099a', time: '2017-11-06T21:07:36.161Z'
System info: host: 'UTMAC-25.local', ip: 'fe80:0:0:0:14ce:dee3:dfc9:f302%en0', os.name: 'Mac OS X', os.arch: 'x86_64', os.version: '10.12.6', java.version: '1.8.0_102'
Driver info: com.kms.katalon.selenium.driver.CChromeDriver
Capabilities {acceptInsecureCerts: false, acceptSslCerts: false, applicationCacheEnabled: false, browserConnectionEnabled: false, browserName: chrome, chrome: {chromedriverVersion: 2.35.528157 (4429ca2590d698..., userDataDir: /var/folders/7l/zbcjnp6j4sg...}, cssSelectorsEnabled: true, databaseEnabled: false, handlesAlerts: true, hasTouchScreen: false, javascriptEnabled: true, locationContextEnabled: true, mobileEmulationEnabled: false, nativeEvents: true, networkConnectionEnabled: false, pageLoadStrategy: normal, platform: MAC, platformName: MAC, rotatable: false, setWindowRect: true, takesHeapSnapshot: true, takesScreenshot: true, unexpectedAlertBehaviour: , unhandledPromptBehavior: , version: 65.0.3325.162, webStorageEnabled: true}
Session ID: c3ae73e7502c23a5ebb5ed6c133470c8)"/>
         <system-out><![CDATA[2018-03-19 16:02:51 - [TEST_CASE][FAILED] - Test Cases/New Test Case: Test Cases/New Test Case FAILED because (of) Unable to send keys 'testerautomation@mailinator.com' to object 'Object Repository/Web/Page_UangTeman.com Pinjaman online (1)/input_ap_email_address' (Root cause: org.openqa.selenium.ElementNotVisibleException: element not visible
  (Session info: chrome=65.0.3325.162)
  (Driver info: chromedriver=2.35.528157 (4429ca2590d6988c0745c24c8858745aaaec01ef),platform=Mac OS X 10.12.6 x86_64) (WARNING: The server did not provide any stacktrace information)
Command duration or timeout: 0 milliseconds
Build info: version: '3.7.1', revision: '8a0099a', time: '2017-11-06T21:07:36.161Z'
System info: host: 'UTMAC-25.local', ip: 'fe80:0:0:0:14ce:dee3:dfc9:f302%en0', os.name: 'Mac OS X', os.arch: 'x86_64', os.version: '10.12.6', java.version: '1.8.0_102'
Driver info: com.kms.katalon.selenium.driver.CChromeDriver
Capabilities {acceptInsecureCerts: false, acceptSslCerts: false, applicationCacheEnabled: false, browserConnectionEnabled: false, browserName: chrome, chrome: {chromedriverVersion: 2.35.528157 (4429ca2590d698..., userDataDir: /var/folders/7l/zbcjnp6j4sg...}, cssSelectorsEnabled: true, databaseEnabled: false, handlesAlerts: true, hasTouchScreen: false, javascriptEnabled: true, locationContextEnabled: true, mobileEmulationEnabled: false, nativeEvents: true, networkConnectionEnabled: false, pageLoadStrategy: normal, platform: MAC, platformName: MAC, rotatable: false, setWindowRect: true, takesHeapSnapshot: true, takesScreenshot: true, unexpectedAlertBehaviour: , unhandledPromptBehavior: , version: 65.0.3325.162, webStorageEnabled: true}
Session ID: c3ae73e7502c23a5ebb5ed6c133470c8)

2018-03-19 16:02:52 - [TEST_STEP][PASSED] - openBrowser: Browser is opened with url: ''

2018-03-19 16:02:56 - [MESSAGE][PASSED] - Browser is opened with url: ''

2018-03-19 16:02:56 - [TEST_STEP][PASSED] - navigateToUrl: Navigate to 'https://dev.uangteman.com' successfully

2018-03-19 16:03:04 - [MESSAGE][PASSED] - Navigate to 'https://dev.uangteman.com' successfully

2018-03-19 16:03:04 - [TEST_STEP][PASSED] - maximizeWindow: Current window maximized

2018-03-19 16:03:05 - [MESSAGE][PASSED] - Current window maximized

2018-03-19 16:03:05 - [TEST_STEP][PASSED] - scrollToElement: Scroll to object 'Object Repository/Web/Page_UangTeman.com Pinjaman online/a_Pinjaman Online' successfully

2018-03-19 16:03:05 - [MESSAGE][PASSED] - Scroll to object 'Object Repository/Web/Page_UangTeman.com Pinjaman online/a_Pinjaman Online' successfully

2018-03-19 16:03:05 - [TEST_STEP][PASSED] - click: Object: 'Object Repository/Web/Page_UangTeman.com Pinjaman online/a_Pinjaman Online' is clicked on

2018-03-19 16:03:05 - [MESSAGE][PASSED] - Object: 'Object Repository/Web/Page_UangTeman.com Pinjaman online/a_Pinjaman Online' is clicked on

2018-03-19 16:03:05 - [TEST_STEP][PASSED] - click: Object: 'Object Repository/Web/Page_UangTeman.com Pinjaman online/a_Status Pinjaman' is clicked on

2018-03-19 16:03:05 - [MESSAGE][PASSED] - Object: 'Object Repository/Web/Page_UangTeman.com Pinjaman online/a_Status Pinjaman' is clicked on

2018-03-19 16:03:05 - [TEST_STEP][PASSED] - click: Object: 'Object Repository/Web/Page_UangTeman.com Pinjaman online/a_Pinjaman Online' is clicked on

2018-03-19 16:03:05 - [MESSAGE][PASSED] - Object: 'Object Repository/Web/Page_UangTeman.com Pinjaman online/a_Pinjaman Online' is clicked on

2018-03-19 16:03:05 - [TEST_STEP][PASSED] - click: Object: 'Object Repository/Web/Page_UangTeman.com Pinjaman online/a_ajukan pinjaman' is clicked on

2018-03-19 16:03:40 - [MESSAGE][PASSED] - Object: 'Object Repository/Web/Page_UangTeman.com Pinjaman online/a_ajukan pinjaman' is clicked on

2018-03-19 16:03:40 - [TEST_STEP][PASSED] - scrollToElement: Scroll to object 'Object Repository/Web/Page_/a_PINJAM SEKARANG' successfully

2018-03-19 16:03:40 - [MESSAGE][WARNING] - Timeout '0' is invalid. Using default page load timeout: '30'

2018-03-19 16:03:40 - [MESSAGE][PASSED] - Scroll to object 'Object Repository/Web/Page_/a_PINJAM SEKARANG' successfully

2018-03-19 16:03:40 - [TEST_STEP][PASSED] - click: Object: 'Object Repository/Web/Page_/a_PINJAM SEKARANG' is clicked on

2018-03-19 16:03:40 - [MESSAGE][PASSED] - Object: 'Object Repository/Web/Page_/a_PINJAM SEKARANG' is clicked on

2018-03-19 16:03:40 - [TEST_STEP][PASSED] - click: Object: 'Object Repository/Web/Page_UangTeman.com Pinjaman online (1)/p_Syarat dan KetentuanPengguna' is clicked on

2018-03-19 16:03:44 - [MESSAGE][PASSED] - Object: 'Object Repository/Web/Page_UangTeman.com Pinjaman online (1)/p_Syarat dan KetentuanPengguna' is clicked on

2018-03-19 16:03:44 - [TEST_STEP][PASSED] - click: Object: 'Object Repository/Web/Page_UangTeman.com Pinjaman online (1)/button_Saya Setuju dengan Syar' is clicked on

2018-03-19 16:03:44 - [MESSAGE][PASSED] - Object: 'Object Repository/Web/Page_UangTeman.com Pinjaman online (1)/button_Saya Setuju dengan Syar' is clicked on

2018-03-19 16:03:44 - [TEST_STEP][PASSED] - waitForElementVisible: Object 'Object Repository/Web/Page_UangTeman.com Pinjaman online (1)/input_ap_email_address' is not visible after 1 second(s)

2018-03-19 16:03:45 - [MESSAGE][WARNING] - Object 'Object Repository/Web/Page_UangTeman.com Pinjaman online (1)/input_ap_email_address' is not visible after 1 second(s)

2018-03-19 16:03:45 - [TEST_STEP][FAILED] - sendKeys: Unable to send keys 'testerautomation@mailinator.com' to object 'Object Repository/Web/Page_UangTeman.com Pinjaman online (1)/input_ap_email_address' (Root cause: org.openqa.selenium.ElementNotVisibleException: element not visible
  (Session info: chrome=65.0.3325.162)
  (Driver info: chromedriver=2.35.528157 (4429ca2590d6988c0745c24c8858745aaaec01ef),platform=Mac OS X 10.12.6 x86_64) (WARNING: The server did not provide any stacktrace information)
Command duration or timeout: 0 milliseconds
Build info: version: '3.7.1', revision: '8a0099a', time: '2017-11-06T21:07:36.161Z'
System info: host: 'UTMAC-25.local', ip: 'fe80:0:0:0:14ce:dee3:dfc9:f302%en0', os.name: 'Mac OS X', os.arch: 'x86_64', os.version: '10.12.6', java.version: '1.8.0_102'
Driver info: com.kms.katalon.selenium.driver.CChromeDriver
Capabilities {acceptInsecureCerts: false, acceptSslCerts: false, applicationCacheEnabled: false, browserConnectionEnabled: false, browserName: chrome, chrome: {chromedriverVersion: 2.35.528157 (4429ca2590d698..., userDataDir: /var/folders/7l/zbcjnp6j4sg...}, cssSelectorsEnabled: true, databaseEnabled: false, handlesAlerts: true, hasTouchScreen: false, javascriptEnabled: true, locationContextEnabled: true, mobileEmulationEnabled: false, nativeEvents: true, networkConnectionEnabled: false, pageLoadStrategy: normal, platform: MAC, platformName: MAC, rotatable: false, setWindowRect: true, takesHeapSnapshot: true, takesScreenshot: true, unexpectedAlertBehaviour: , unhandledPromptBehavior: , version: 65.0.3325.162, webStorageEnabled: true}
Session ID: c3ae73e7502c23a5ebb5ed6c133470c8)

2018-03-19 16:03:46 - [MESSAGE][FAILED] - Unable to send keys 'testerautomation@mailinator.com' to object 'Object Repository/Web/Page_UangTeman.com Pinjaman online (1)/input_ap_email_address' (Root cause: org.openqa.selenium.ElementNotVisibleException: element not visible
  (Session info: chrome=65.0.3325.162)
  (Driver info: chromedriver=2.35.528157 (4429ca2590d6988c0745c24c8858745aaaec01ef),platform=Mac OS X 10.12.6 x86_64) (WARNING: The server did not provide any stacktrace information)
Command duration or timeout: 0 milliseconds
Build info: version: '3.7.1', revision: '8a0099a', time: '2017-11-06T21:07:36.161Z'
System info: host: 'UTMAC-25.local', ip: 'fe80:0:0:0:14ce:dee3:dfc9:f302%en0', os.name: 'Mac OS X', os.arch: 'x86_64', os.version: '10.12.6', java.version: '1.8.0_102'
Driver info: com.kms.katalon.selenium.driver.CChromeDriver
Capabilities {acceptInsecureCerts: false, acceptSslCerts: false, applicationCacheEnabled: false, browserConnectionEnabled: false, browserName: chrome, chrome: {chromedriverVersion: 2.35.528157 (4429ca2590d698..., userDataDir: /var/folders/7l/zbcjnp6j4sg...}, cssSelectorsEnabled: true, databaseEnabled: false, handlesAlerts: true, hasTouchScreen: false, javascriptEnabled: true, locationContextEnabled: true, mobileEmulationEnabled: false, nativeEvents: true, networkConnectionEnabled: false, pageLoadStrategy: normal, platform: MAC, platformName: MAC, rotatable: false, setWindowRect: true, takesHeapSnapshot: true, takesScreenshot: true, unexpectedAlertBehaviour: , unhandledPromptBehavior: , version: 65.0.3325.162, webStorageEnabled: true}
Session ID: c3ae73e7502c23a5ebb5ed6c133470c8)
[[ATTACHMENT|/Users/pandu.buana/Katalon Studio/testerProject/Reports/testSuite1/20180319_160247/1521450225719.png]]]]></system-out>
         <system-err><![CDATA[2018-03-19 16:02:51 - [TEST_CASE][FAILED] - Test Cases/New Test Case: Test Cases/New Test Case FAILED because (of) Unable to send keys 'testerautomation@mailinator.com' to object 'Object Repository/Web/Page_UangTeman.com Pinjaman online (1)/input_ap_email_address' (Root cause: org.openqa.selenium.ElementNotVisibleException: element not visible
  (Session info: chrome=65.0.3325.162)
  (Driver info: chromedriver=2.35.528157 (4429ca2590d6988c0745c24c8858745aaaec01ef),platform=Mac OS X 10.12.6 x86_64) (WARNING: The server did not provide any stacktrace information)
Command duration or timeout: 0 milliseconds
Build info: version: '3.7.1', revision: '8a0099a', time: '2017-11-06T21:07:36.161Z'
System info: host: 'UTMAC-25.local', ip: 'fe80:0:0:0:14ce:dee3:dfc9:f302%en0', os.name: 'Mac OS X', os.arch: 'x86_64', os.version: '10.12.6', java.version: '1.8.0_102'
Driver info: com.kms.katalon.selenium.driver.CChromeDriver
Capabilities {acceptInsecureCerts: false, acceptSslCerts: false, applicationCacheEnabled: false, browserConnectionEnabled: false, browserName: chrome, chrome: {chromedriverVersion: 2.35.528157 (4429ca2590d698..., userDataDir: /var/folders/7l/zbcjnp6j4sg...}, cssSelectorsEnabled: true, databaseEnabled: false, handlesAlerts: true, hasTouchScreen: false, javascriptEnabled: true, locationContextEnabled: true, mobileEmulationEnabled: false, nativeEvents: true, networkConnectionEnabled: false, pageLoadStrategy: normal, platform: MAC, platformName: MAC, rotatable: false, setWindowRect: true, takesHeapSnapshot: true, takesScreenshot: true, unexpectedAlertBehaviour: , unhandledPromptBehavior: , version: 65.0.3325.162, webStorageEnabled: true}
Session ID: c3ae73e7502c23a5ebb5ed6c133470c8)]]></system-err>
      </testcase>
      <system-out><![CDATA[2018-03-19 16:02:50 - [TEST_SUITE][FAILED] - testSuite1: Test Cases/New Test Case FAILED because (of) Unable to send keys 'testerautomation@mailinator.com' to object 'Object Repository/Web/Page_UangTeman.com Pinjaman online (1)/input_ap_email_address' (Root cause: org.openqa.selenium.ElementNotVisibleException: element not visible
  (Session info: chrome=65.0.3325.162)
  (Driver info: chromedriver=2.35.528157 (4429ca2590d6988c0745c24c8858745aaaec01ef),platform=Mac OS X 10.12.6 x86_64) (WARNING: The server did not provide any stacktrace information)
Command duration or timeout: 0 milliseconds
Build info: version: '3.7.1', revision: '8a0099a', time: '2017-11-06T21:07:36.161Z'
System info: host: 'UTMAC-25.local', ip: 'fe80:0:0:0:14ce:dee3:dfc9:f302%en0', os.name: 'Mac OS X', os.arch: 'x86_64', os.version: '10.12.6', java.version: '1.8.0_102'
Driver info: com.kms.katalon.selenium.driver.CChromeDriver
Capabilities {acceptInsecureCerts: false, acceptSslCerts: false, applicationCacheEnabled: false, browserConnectionEnabled: false, browserName: chrome, chrome: {chromedriverVersion: 2.35.528157 (4429ca2590d698..., userDataDir: /var/folders/7l/zbcjnp6j4sg...}, cssSelectorsEnabled: true, databaseEnabled: false, handlesAlerts: true, hasTouchScreen: false, javascriptEnabled: true, locationContextEnabled: true, mobileEmulationEnabled: false, nativeEvents: true, networkConnectionEnabled: false, pageLoadStrategy: normal, platform: MAC, platformName: MAC, rotatable: false, setWindowRect: true, takesHeapSnapshot: true, takesScreenshot: true, unexpectedAlertBehaviour: , unhandledPromptBehavior: , version: 65.0.3325.162, webStorageEnabled: true}
Session ID: c3ae73e7502c23a5ebb5ed6c133470c8)]]></system-out>
      <system-err><![CDATA[2018-03-19 16:02:50 - [TEST_SUITE][FAILED] - testSuite1: Test Cases/New Test Case FAILED because (of) Unable to send keys 'testerautomation@mailinator.com' to object 'Object Repository/Web/Page_UangTeman.com Pinjaman online (1)/input_ap_email_address' (Root cause: org.openqa.selenium.ElementNotVisibleException: element not visible
  (Session info: chrome=65.0.3325.162)
  (Driver info: chromedriver=2.35.528157 (4429ca2590d6988c0745c24c8858745aaaec01ef),platform=Mac OS X 10.12.6 x86_64) (WARNING: The server did not provide any stacktrace information)
Command duration or timeout: 0 milliseconds
Build info: version: '3.7.1', revision: '8a0099a', time: '2017-11-06T21:07:36.161Z'
System info: host: 'UTMAC-25.local', ip: 'fe80:0:0:0:14ce:dee3:dfc9:f302%en0', os.name: 'Mac OS X', os.arch: 'x86_64', os.version: '10.12.6', java.version: '1.8.0_102'
Driver info: com.kms.katalon.selenium.driver.CChromeDriver
Capabilities {acceptInsecureCerts: false, acceptSslCerts: false, applicationCacheEnabled: false, browserConnectionEnabled: false, browserName: chrome, chrome: {chromedriverVersion: 2.35.528157 (4429ca2590d698..., userDataDir: /var/folders/7l/zbcjnp6j4sg...}, cssSelectorsEnabled: true, databaseEnabled: false, handlesAlerts: true, hasTouchScreen: false, javascriptEnabled: true, locationContextEnabled: true, mobileEmulationEnabled: false, nativeEvents: true, networkConnectionEnabled: false, pageLoadStrategy: normal, platform: MAC, platformName: MAC, rotatable: false, setWindowRect: true, takesHeapSnapshot: true, takesScreenshot: true, unexpectedAlertBehaviour: , unhandledPromptBehavior: , version: 65.0.3325.162, webStorageEnabled: true}
Session ID: c3ae73e7502c23a5ebb5ed6c133470c8)]]></system-err>
   </testsuite>
</testsuites>
