<?xml version="1.0" encoding="UTF-8"?>
<testsuites name="testSuite1" time="27" tests="0" failures="1" errors="0">
   <testsuite name="testSuite1" tests="0" failures="1" errors="0" time="27" timestamp="2018-03-19 15:57:43" hostname="pandu.buana - 10.0.1.227" id="Test Suites/testSuite1">
      <properties>
         <property name="deviceName" value=""/>
         <property name="devicePlatform" value=""/>
         <property name="logFolder" value="/Users/pandu.buana/Katalon Studio/testerProject/Reports/testSuite1/20180319_155738"/>
         <property name="logFiles" value="/Users/pandu.buana/Katalon Studio/testerProject/Reports/testSuite1/20180319_155738/execution0.log"/>
         <property name="attachments" value="/Users/pandu.buana/Katalon Studio/testerProject/Reports/testSuite1/20180319_155738/1521449889522.png"/>
         <property name="hostName" value="pandu.buana - 10.0.1.227"/>
         <property name="os" value="Mac OS X 64bit"/>
         <property name="katalonVersion" value="5.3.1.1"/>
         <property name="browser" value="Chrome 65.0.3325.162"/>
         <property name="hostAddress" value="10.0.1.227"/>
         <property name="sessionId" value="f11d5ccf49a28849f9d5b5b1dcf8c8e4"/>
         <property name="seleniumVersion" value="3.7.1"/>
         <property name="proxyInformation" value="ProxyInformation{proxyOption=NO_PROXY, proxyServerType=HTTP, password=, proxyServerAddress=, proxyServerPort=0}"/>
         <property name="platform" value="Mac OS X"/>
      </properties>
      <testcase name="Test Cases/New Test Case" classname="Test Cases/New Test Case" status="FAILED">
         <failure type="FAILED" message="Unable to click on object 'Object Repository/Web/Page_UangTeman.com Pinjaman online (1)/label' (Root cause: org.openqa.selenium.ElementNotVisibleException: element not visible
  (Session info: chrome=65.0.3325.162)
  (Driver info: chromedriver=2.35.528157 (4429ca2590d6988c0745c24c8858745aaaec01ef),platform=Mac OS X 10.12.6 x86_64) (WARNING: The server did not provide any stacktrace information)
Command duration or timeout: 0 milliseconds
Build info: version: '3.7.1', revision: '8a0099a', time: '2017-11-06T21:07:36.161Z'
System info: host: 'UTMAC-25.local', ip: 'fe80:0:0:0:14ce:dee3:dfc9:f302%en0', os.name: 'Mac OS X', os.arch: 'x86_64', os.version: '10.12.6', java.version: '1.8.0_102'
Driver info: com.kms.katalon.selenium.driver.CChromeDriver
Capabilities {acceptInsecureCerts: false, acceptSslCerts: false, applicationCacheEnabled: false, browserConnectionEnabled: false, browserName: chrome, chrome: {chromedriverVersion: 2.35.528157 (4429ca2590d698..., userDataDir: /var/folders/7l/zbcjnp6j4sg...}, cssSelectorsEnabled: true, databaseEnabled: false, handlesAlerts: true, hasTouchScreen: false, javascriptEnabled: true, locationContextEnabled: true, mobileEmulationEnabled: false, nativeEvents: true, networkConnectionEnabled: false, pageLoadStrategy: normal, platform: MAC, platformName: MAC, rotatable: false, setWindowRect: true, takesHeapSnapshot: true, takesScreenshot: true, unexpectedAlertBehaviour: , unhandledPromptBehavior: , version: 65.0.3325.162, webStorageEnabled: true}
Session ID: f11d5ccf49a28849f9d5b5b1dcf8c8e4)"/>
         <system-out><![CDATA[2018-03-19 15:57:44 - [TEST_CASE][FAILED] - Test Cases/New Test Case: Test Cases/New Test Case FAILED because (of) Unable to click on object 'Object Repository/Web/Page_UangTeman.com Pinjaman online (1)/label' (Root cause: org.openqa.selenium.ElementNotVisibleException: element not visible
  (Session info: chrome=65.0.3325.162)
  (Driver info: chromedriver=2.35.528157 (4429ca2590d6988c0745c24c8858745aaaec01ef),platform=Mac OS X 10.12.6 x86_64) (WARNING: The server did not provide any stacktrace information)
Command duration or timeout: 0 milliseconds
Build info: version: '3.7.1', revision: '8a0099a', time: '2017-11-06T21:07:36.161Z'
System info: host: 'UTMAC-25.local', ip: 'fe80:0:0:0:14ce:dee3:dfc9:f302%en0', os.name: 'Mac OS X', os.arch: 'x86_64', os.version: '10.12.6', java.version: '1.8.0_102'
Driver info: com.kms.katalon.selenium.driver.CChromeDriver
Capabilities {acceptInsecureCerts: false, acceptSslCerts: false, applicationCacheEnabled: false, browserConnectionEnabled: false, browserName: chrome, chrome: {chromedriverVersion: 2.35.528157 (4429ca2590d698..., userDataDir: /var/folders/7l/zbcjnp6j4sg...}, cssSelectorsEnabled: true, databaseEnabled: false, handlesAlerts: true, hasTouchScreen: false, javascriptEnabled: true, locationContextEnabled: true, mobileEmulationEnabled: false, nativeEvents: true, networkConnectionEnabled: false, pageLoadStrategy: normal, platform: MAC, platformName: MAC, rotatable: false, setWindowRect: true, takesHeapSnapshot: true, takesScreenshot: true, unexpectedAlertBehaviour: , unhandledPromptBehavior: , version: 65.0.3325.162, webStorageEnabled: true}
Session ID: f11d5ccf49a28849f9d5b5b1dcf8c8e4)

2018-03-19 15:57:45 - [TEST_STEP][PASSED] - openBrowser: Browser is opened with url: ''

2018-03-19 15:57:51 - [MESSAGE][PASSED] - Browser is opened with url: ''

2018-03-19 15:57:51 - [TEST_STEP][PASSED] - navigateToUrl: Navigate to 'https://dev.uangteman.com' successfully

2018-03-19 15:57:59 - [MESSAGE][PASSED] - Navigate to 'https://dev.uangteman.com' successfully

2018-03-19 15:57:59 - [TEST_STEP][PASSED] - maximizeWindow: Current window maximized

2018-03-19 15:57:59 - [MESSAGE][PASSED] - Current window maximized

2018-03-19 15:57:59 - [TEST_STEP][PASSED] - scrollToElement: Scroll to object 'Object Repository/Web/Page_UangTeman.com Pinjaman online/a_Pinjaman Online' successfully

2018-03-19 15:57:59 - [MESSAGE][PASSED] - Scroll to object 'Object Repository/Web/Page_UangTeman.com Pinjaman online/a_Pinjaman Online' successfully

2018-03-19 15:57:59 - [TEST_STEP][PASSED] - click: Object: 'Object Repository/Web/Page_UangTeman.com Pinjaman online/a_Pinjaman Online' is clicked on

2018-03-19 15:57:59 - [MESSAGE][PASSED] - Object: 'Object Repository/Web/Page_UangTeman.com Pinjaman online/a_Pinjaman Online' is clicked on

2018-03-19 15:57:59 - [TEST_STEP][PASSED] - click: Object: 'Object Repository/Web/Page_UangTeman.com Pinjaman online/a_Status Pinjaman' is clicked on

2018-03-19 15:58:00 - [MESSAGE][PASSED] - Object: 'Object Repository/Web/Page_UangTeman.com Pinjaman online/a_Status Pinjaman' is clicked on

2018-03-19 15:58:00 - [TEST_STEP][PASSED] - click: Object: 'Object Repository/Web/Page_UangTeman.com Pinjaman online/a_Pinjaman Online' is clicked on

2018-03-19 15:58:00 - [MESSAGE][PASSED] - Object: 'Object Repository/Web/Page_UangTeman.com Pinjaman online/a_Pinjaman Online' is clicked on

2018-03-19 15:58:00 - [TEST_STEP][PASSED] - click: Object: 'Object Repository/Web/Page_UangTeman.com Pinjaman online/a_ajukan pinjaman' is clicked on

2018-03-19 15:58:03 - [MESSAGE][PASSED] - Object: 'Object Repository/Web/Page_UangTeman.com Pinjaman online/a_ajukan pinjaman' is clicked on

2018-03-19 15:58:03 - [TEST_STEP][PASSED] - scrollToElement: Scroll to object 'Object Repository/Web/Page_/a_PINJAM SEKARANG' successfully

2018-03-19 15:58:03 - [MESSAGE][WARNING] - Timeout '0' is invalid. Using default page load timeout: '30'

2018-03-19 15:58:03 - [MESSAGE][PASSED] - Scroll to object 'Object Repository/Web/Page_/a_PINJAM SEKARANG' successfully

2018-03-19 15:58:03 - [TEST_STEP][PASSED] - click: Object: 'Object Repository/Web/Page_/a_PINJAM SEKARANG' is clicked on

2018-03-19 15:58:03 - [MESSAGE][PASSED] - Object: 'Object Repository/Web/Page_/a_PINJAM SEKARANG' is clicked on

2018-03-19 15:58:03 - [TEST_STEP][PASSED] - click: Object: 'Object Repository/Web/Page_UangTeman.com Pinjaman online (1)/p_Syarat dan KetentuanPengguna' is clicked on

2018-03-19 15:58:05 - [MESSAGE][PASSED] - Object: 'Object Repository/Web/Page_UangTeman.com Pinjaman online (1)/p_Syarat dan KetentuanPengguna' is clicked on

2018-03-19 15:58:05 - [TEST_STEP][PASSED] - click: Object: 'Object Repository/Web/Page_UangTeman.com Pinjaman online (1)/button_Saya Setuju dengan Syar' is clicked on

2018-03-19 15:58:05 - [MESSAGE][PASSED] - Object: 'Object Repository/Web/Page_UangTeman.com Pinjaman online (1)/button_Saya Setuju dengan Syar' is clicked on

2018-03-19 15:58:05 - [TEST_STEP][PASSED] - waitForElementVisible: Object 'Object Repository/Web/Page_UangTeman.com Pinjaman online (1)/input_ap_email_address' is visible

2018-03-19 15:58:06 - [MESSAGE][PASSED] - Object 'Object Repository/Web/Page_UangTeman.com Pinjaman online (1)/input_ap_email_address' is visible

2018-03-19 15:58:06 - [TEST_STEP][PASSED] - sendKeys: Keys 'testerautomation@mailinator.com' sent to object: 'Object Repository/Web/Page_UangTeman.com Pinjaman online (1)/input_ap_email_address'

2018-03-19 15:58:07 - [MESSAGE][PASSED] - Keys 'testerautomation@mailinator.com' sent to object: 'Object Repository/Web/Page_UangTeman.com Pinjaman online (1)/input_ap_email_address'

2018-03-19 15:58:07 - [TEST_STEP][PASSED] - setText: Text '85774853134' is set on object 'Object Repository/Web/Page_UangTeman.com Pinjaman online (1)/input_ap_mobile_no'

2018-03-19 15:58:07 - [MESSAGE][PASSED] - Text '85774853134' is set on object 'Object Repository/Web/Page_UangTeman.com Pinjaman online (1)/input_ap_mobile_no'

2018-03-19 15:58:07 - [TEST_STEP][PASSED] - setText: Text '3209021404930009' is set on object 'Object Repository/Web/Page_UangTeman.com Pinjaman online (1)/input_ap_personal_id_no'

2018-03-19 15:58:07 - [MESSAGE][PASSED] - Text '3209021404930009' is set on object 'Object Repository/Web/Page_UangTeman.com Pinjaman online (1)/input_ap_personal_id_no'

2018-03-19 15:58:07 - [TEST_STEP][PASSED] - scrollToElement: Scroll to object 'Object Repository/Web/Page_UangTeman.com Pinjaman online (1)/button_Selanjutnya1' successfully

2018-03-19 15:58:07 - [MESSAGE][WARNING] - Timeout '0' is invalid. Using default page load timeout: '30'

2018-03-19 15:58:07 - [MESSAGE][PASSED] - Scroll to object 'Object Repository/Web/Page_UangTeman.com Pinjaman online (1)/button_Selanjutnya1' successfully

2018-03-19 15:58:07 - [TEST_STEP][PASSED] - click: Object: 'Object Repository/Web/Page_UangTeman.com Pinjaman online (1)/button_Selanjutnya1' is clicked on

2018-03-19 15:58:08 - [MESSAGE][PASSED] - Object: 'Object Repository/Web/Page_UangTeman.com Pinjaman online (1)/button_Selanjutnya1' is clicked on

2018-03-19 15:58:08 - [TEST_STEP][PASSED] - waitForElementVisible: Object 'Object Repository/Web/Page_UangTeman.com Pinjaman online (1)/label' is not visible after 1 second(s)

2018-03-19 15:58:09 - [MESSAGE][WARNING] - Object 'Object Repository/Web/Page_UangTeman.com Pinjaman online (1)/label' is not visible after 1 second(s)

2018-03-19 15:58:09 - [TEST_STEP][FAILED] - click: Unable to click on object 'Object Repository/Web/Page_UangTeman.com Pinjaman online (1)/label' (Root cause: org.openqa.selenium.ElementNotVisibleException: element not visible
  (Session info: chrome=65.0.3325.162)
  (Driver info: chromedriver=2.35.528157 (4429ca2590d6988c0745c24c8858745aaaec01ef),platform=Mac OS X 10.12.6 x86_64) (WARNING: The server did not provide any stacktrace information)
Command duration or timeout: 0 milliseconds
Build info: version: '3.7.1', revision: '8a0099a', time: '2017-11-06T21:07:36.161Z'
System info: host: 'UTMAC-25.local', ip: 'fe80:0:0:0:14ce:dee3:dfc9:f302%en0', os.name: 'Mac OS X', os.arch: 'x86_64', os.version: '10.12.6', java.version: '1.8.0_102'
Driver info: com.kms.katalon.selenium.driver.CChromeDriver
Capabilities {acceptInsecureCerts: false, acceptSslCerts: false, applicationCacheEnabled: false, browserConnectionEnabled: false, browserName: chrome, chrome: {chromedriverVersion: 2.35.528157 (4429ca2590d698..., userDataDir: /var/folders/7l/zbcjnp6j4sg...}, cssSelectorsEnabled: true, databaseEnabled: false, handlesAlerts: true, hasTouchScreen: false, javascriptEnabled: true, locationContextEnabled: true, mobileEmulationEnabled: false, nativeEvents: true, networkConnectionEnabled: false, pageLoadStrategy: normal, platform: MAC, platformName: MAC, rotatable: false, setWindowRect: true, takesHeapSnapshot: true, takesScreenshot: true, unexpectedAlertBehaviour: , unhandledPromptBehavior: , version: 65.0.3325.162, webStorageEnabled: true}
Session ID: f11d5ccf49a28849f9d5b5b1dcf8c8e4)

2018-03-19 15:58:10 - [MESSAGE][FAILED] - Unable to click on object 'Object Repository/Web/Page_UangTeman.com Pinjaman online (1)/label' (Root cause: org.openqa.selenium.ElementNotVisibleException: element not visible
  (Session info: chrome=65.0.3325.162)
  (Driver info: chromedriver=2.35.528157 (4429ca2590d6988c0745c24c8858745aaaec01ef),platform=Mac OS X 10.12.6 x86_64) (WARNING: The server did not provide any stacktrace information)
Command duration or timeout: 0 milliseconds
Build info: version: '3.7.1', revision: '8a0099a', time: '2017-11-06T21:07:36.161Z'
System info: host: 'UTMAC-25.local', ip: 'fe80:0:0:0:14ce:dee3:dfc9:f302%en0', os.name: 'Mac OS X', os.arch: 'x86_64', os.version: '10.12.6', java.version: '1.8.0_102'
Driver info: com.kms.katalon.selenium.driver.CChromeDriver
Capabilities {acceptInsecureCerts: false, acceptSslCerts: false, applicationCacheEnabled: false, browserConnectionEnabled: false, browserName: chrome, chrome: {chromedriverVersion: 2.35.528157 (4429ca2590d698..., userDataDir: /var/folders/7l/zbcjnp6j4sg...}, cssSelectorsEnabled: true, databaseEnabled: false, handlesAlerts: true, hasTouchScreen: false, javascriptEnabled: true, locationContextEnabled: true, mobileEmulationEnabled: false, nativeEvents: true, networkConnectionEnabled: false, pageLoadStrategy: normal, platform: MAC, platformName: MAC, rotatable: false, setWindowRect: true, takesHeapSnapshot: true, takesScreenshot: true, unexpectedAlertBehaviour: , unhandledPromptBehavior: , version: 65.0.3325.162, webStorageEnabled: true}
Session ID: f11d5ccf49a28849f9d5b5b1dcf8c8e4)
[[ATTACHMENT|/Users/pandu.buana/Katalon Studio/testerProject/Reports/testSuite1/20180319_155738/1521449889522.png]]]]></system-out>
         <system-err><![CDATA[2018-03-19 15:57:44 - [TEST_CASE][FAILED] - Test Cases/New Test Case: Test Cases/New Test Case FAILED because (of) Unable to click on object 'Object Repository/Web/Page_UangTeman.com Pinjaman online (1)/label' (Root cause: org.openqa.selenium.ElementNotVisibleException: element not visible
  (Session info: chrome=65.0.3325.162)
  (Driver info: chromedriver=2.35.528157 (4429ca2590d6988c0745c24c8858745aaaec01ef),platform=Mac OS X 10.12.6 x86_64) (WARNING: The server did not provide any stacktrace information)
Command duration or timeout: 0 milliseconds
Build info: version: '3.7.1', revision: '8a0099a', time: '2017-11-06T21:07:36.161Z'
System info: host: 'UTMAC-25.local', ip: 'fe80:0:0:0:14ce:dee3:dfc9:f302%en0', os.name: 'Mac OS X', os.arch: 'x86_64', os.version: '10.12.6', java.version: '1.8.0_102'
Driver info: com.kms.katalon.selenium.driver.CChromeDriver
Capabilities {acceptInsecureCerts: false, acceptSslCerts: false, applicationCacheEnabled: false, browserConnectionEnabled: false, browserName: chrome, chrome: {chromedriverVersion: 2.35.528157 (4429ca2590d698..., userDataDir: /var/folders/7l/zbcjnp6j4sg...}, cssSelectorsEnabled: true, databaseEnabled: false, handlesAlerts: true, hasTouchScreen: false, javascriptEnabled: true, locationContextEnabled: true, mobileEmulationEnabled: false, nativeEvents: true, networkConnectionEnabled: false, pageLoadStrategy: normal, platform: MAC, platformName: MAC, rotatable: false, setWindowRect: true, takesHeapSnapshot: true, takesScreenshot: true, unexpectedAlertBehaviour: , unhandledPromptBehavior: , version: 65.0.3325.162, webStorageEnabled: true}
Session ID: f11d5ccf49a28849f9d5b5b1dcf8c8e4)]]></system-err>
      </testcase>
      <system-out><![CDATA[2018-03-19 15:57:43 - [TEST_SUITE][FAILED] - testSuite1: Test Cases/New Test Case FAILED because (of) Unable to click on object 'Object Repository/Web/Page_UangTeman.com Pinjaman online (1)/label' (Root cause: org.openqa.selenium.ElementNotVisibleException: element not visible
  (Session info: chrome=65.0.3325.162)
  (Driver info: chromedriver=2.35.528157 (4429ca2590d6988c0745c24c8858745aaaec01ef),platform=Mac OS X 10.12.6 x86_64) (WARNING: The server did not provide any stacktrace information)
Command duration or timeout: 0 milliseconds
Build info: version: '3.7.1', revision: '8a0099a', time: '2017-11-06T21:07:36.161Z'
System info: host: 'UTMAC-25.local', ip: 'fe80:0:0:0:14ce:dee3:dfc9:f302%en0', os.name: 'Mac OS X', os.arch: 'x86_64', os.version: '10.12.6', java.version: '1.8.0_102'
Driver info: com.kms.katalon.selenium.driver.CChromeDriver
Capabilities {acceptInsecureCerts: false, acceptSslCerts: false, applicationCacheEnabled: false, browserConnectionEnabled: false, browserName: chrome, chrome: {chromedriverVersion: 2.35.528157 (4429ca2590d698..., userDataDir: /var/folders/7l/zbcjnp6j4sg...}, cssSelectorsEnabled: true, databaseEnabled: false, handlesAlerts: true, hasTouchScreen: false, javascriptEnabled: true, locationContextEnabled: true, mobileEmulationEnabled: false, nativeEvents: true, networkConnectionEnabled: false, pageLoadStrategy: normal, platform: MAC, platformName: MAC, rotatable: false, setWindowRect: true, takesHeapSnapshot: true, takesScreenshot: true, unexpectedAlertBehaviour: , unhandledPromptBehavior: , version: 65.0.3325.162, webStorageEnabled: true}
Session ID: f11d5ccf49a28849f9d5b5b1dcf8c8e4)]]></system-out>
      <system-err><![CDATA[2018-03-19 15:57:43 - [TEST_SUITE][FAILED] - testSuite1: Test Cases/New Test Case FAILED because (of) Unable to click on object 'Object Repository/Web/Page_UangTeman.com Pinjaman online (1)/label' (Root cause: org.openqa.selenium.ElementNotVisibleException: element not visible
  (Session info: chrome=65.0.3325.162)
  (Driver info: chromedriver=2.35.528157 (4429ca2590d6988c0745c24c8858745aaaec01ef),platform=Mac OS X 10.12.6 x86_64) (WARNING: The server did not provide any stacktrace information)
Command duration or timeout: 0 milliseconds
Build info: version: '3.7.1', revision: '8a0099a', time: '2017-11-06T21:07:36.161Z'
System info: host: 'UTMAC-25.local', ip: 'fe80:0:0:0:14ce:dee3:dfc9:f302%en0', os.name: 'Mac OS X', os.arch: 'x86_64', os.version: '10.12.6', java.version: '1.8.0_102'
Driver info: com.kms.katalon.selenium.driver.CChromeDriver
Capabilities {acceptInsecureCerts: false, acceptSslCerts: false, applicationCacheEnabled: false, browserConnectionEnabled: false, browserName: chrome, chrome: {chromedriverVersion: 2.35.528157 (4429ca2590d698..., userDataDir: /var/folders/7l/zbcjnp6j4sg...}, cssSelectorsEnabled: true, databaseEnabled: false, handlesAlerts: true, hasTouchScreen: false, javascriptEnabled: true, locationContextEnabled: true, mobileEmulationEnabled: false, nativeEvents: true, networkConnectionEnabled: false, pageLoadStrategy: normal, platform: MAC, platformName: MAC, rotatable: false, setWindowRect: true, takesHeapSnapshot: true, takesScreenshot: true, unexpectedAlertBehaviour: , unhandledPromptBehavior: , version: 65.0.3325.162, webStorageEnabled: true}
Session ID: f11d5ccf49a28849f9d5b5b1dcf8c8e4)]]></system-err>
   </testsuite>
</testsuites>
