<?xml version="1.0" encoding="UTF-8"?>
<testsuites name="testSuite1" time="24" tests="0" failures="1" errors="0">
   <testsuite name="testSuite1" tests="0" failures="1" errors="0" time="24" timestamp="2018-03-29 11:43:01" hostname="pandu.buana - 10.0.1.227" id="Test Suites/testSuite1">
      <properties>
         <property name="deviceName" value=""/>
         <property name="devicePlatform" value=""/>
         <property name="logFolder" value="/Users/pandu.buana/Katalon Studio/testerProject/Reports/testSuite1/20180329_114258"/>
         <property name="logFiles" value="/Users/pandu.buana/Katalon Studio/testerProject/Reports/testSuite1/20180329_114258/execution0.log"/>
         <property name="attachments" value="/Users/pandu.buana/Katalon Studio/testerProject/Reports/testSuite1/20180329_114258/1522298604940.png"/>
         <property name="hostName" value="pandu.buana - 10.0.1.227"/>
         <property name="os" value="Mac OS X 64bit"/>
         <property name="katalonVersion" value="5.3.1.1"/>
         <property name="browser" value="Chrome 65.0.3325.181"/>
         <property name="hostAddress" value="10.0.1.227"/>
         <property name="sessionId" value="bf8f9aa637a0d9c66fa5aefed140cc43"/>
         <property name="seleniumVersion" value="3.7.1"/>
         <property name="proxyInformation" value="ProxyInformation{proxyOption=NO_PROXY, proxyServerType=HTTP, password=, proxyServerAddress=, proxyServerPort=0}"/>
         <property name="platform" value="Mac OS X"/>
      </properties>
      <testcase name="Test Cases/Create L0" classname="Test Cases/Create L0" status="FAILED">
         <failure type="FAILED" message="Unable to set text 'testautomation28.3@mailinator.com' of object 'Object Repository/dev_env/Page_UangTeman.com Pinjaman online/input_ap_email_address' (Root cause: org.openqa.selenium.InvalidElementStateException: invalid element state: Element is not currently interactable and may not be manipulated
  (Session info: chrome=65.0.3325.181)
  (Driver info: chromedriver=2.35.528157 (4429ca2590d6988c0745c24c8858745aaaec01ef),platform=Mac OS X 10.12.6 x86_64) (WARNING: The server did not provide any stacktrace information)
Command duration or timeout: 0 milliseconds
Build info: version: '3.7.1', revision: '8a0099a', time: '2017-11-06T21:07:36.161Z'
System info: host: 'UTMAC-25.local', ip: 'fe80:0:0:0:48:42b9:77af:fa74%en0', os.name: 'Mac OS X', os.arch: 'x86_64', os.version: '10.12.6', java.version: '1.8.0_102'
Driver info: com.kms.katalon.selenium.driver.CChromeDriver
Capabilities {acceptInsecureCerts: false, acceptSslCerts: false, applicationCacheEnabled: false, browserConnectionEnabled: false, browserName: chrome, chrome: {chromedriverVersion: 2.35.528157 (4429ca2590d698..., userDataDir: /var/folders/7l/zbcjnp6j4sg...}, cssSelectorsEnabled: true, databaseEnabled: false, handlesAlerts: true, hasTouchScreen: false, javascriptEnabled: true, locationContextEnabled: true, mobileEmulationEnabled: false, nativeEvents: true, networkConnectionEnabled: false, pageLoadStrategy: normal, platform: MAC, platformName: MAC, rotatable: false, setWindowRect: true, takesHeapSnapshot: true, takesScreenshot: true, unexpectedAlertBehaviour: , unhandledPromptBehavior: , version: 65.0.3325.181, webStorageEnabled: true}
Session ID: bf8f9aa637a0d9c66fa5aefed140cc43)"/>
         <system-out><![CDATA[2018-03-29 11:43:02 - [TEST_CASE][FAILED] - Test Cases/Create L0: Test Cases/Create L0 FAILED because (of) Unable to set text 'testautomation28.3@mailinator.com' of object 'Object Repository/dev_env/Page_UangTeman.com Pinjaman online/input_ap_email_address' (Root cause: org.openqa.selenium.InvalidElementStateException: invalid element state: Element is not currently interactable and may not be manipulated
  (Session info: chrome=65.0.3325.181)
  (Driver info: chromedriver=2.35.528157 (4429ca2590d6988c0745c24c8858745aaaec01ef),platform=Mac OS X 10.12.6 x86_64) (WARNING: The server did not provide any stacktrace information)
Command duration or timeout: 0 milliseconds
Build info: version: '3.7.1', revision: '8a0099a', time: '2017-11-06T21:07:36.161Z'
System info: host: 'UTMAC-25.local', ip: 'fe80:0:0:0:48:42b9:77af:fa74%en0', os.name: 'Mac OS X', os.arch: 'x86_64', os.version: '10.12.6', java.version: '1.8.0_102'
Driver info: com.kms.katalon.selenium.driver.CChromeDriver
Capabilities {acceptInsecureCerts: false, acceptSslCerts: false, applicationCacheEnabled: false, browserConnectionEnabled: false, browserName: chrome, chrome: {chromedriverVersion: 2.35.528157 (4429ca2590d698..., userDataDir: /var/folders/7l/zbcjnp6j4sg...}, cssSelectorsEnabled: true, databaseEnabled: false, handlesAlerts: true, hasTouchScreen: false, javascriptEnabled: true, locationContextEnabled: true, mobileEmulationEnabled: false, nativeEvents: true, networkConnectionEnabled: false, pageLoadStrategy: normal, platform: MAC, platformName: MAC, rotatable: false, setWindowRect: true, takesHeapSnapshot: true, takesScreenshot: true, unexpectedAlertBehaviour: , unhandledPromptBehavior: , version: 65.0.3325.181, webStorageEnabled: true}
Session ID: bf8f9aa637a0d9c66fa5aefed140cc43)

2018-03-29 11:43:02 - [TEST_STEP][PASSED] - openBrowser: Browser is opened with url: ''

2018-03-29 11:43:05 - [MESSAGE][PASSED] - Browser is opened with url: ''

2018-03-29 11:43:05 - [TEST_STEP][PASSED] - navigateToUrl: Navigate to 'https://dev.uangteman.com/' successfully

2018-03-29 11:43:16 - [MESSAGE][PASSED] - Navigate to 'https://dev.uangteman.com/' successfully

2018-03-29 11:43:16 - [TEST_STEP][PASSED] - scrollToElement: Scroll to object 'Object Repository/dev_env/Page_UangTeman.com Pinjaman online/a_ajukan pinjaman' successfully

2018-03-29 11:43:16 - [MESSAGE][WARNING] - Timeout '0' is invalid. Using default page load timeout: '30'

2018-03-29 11:43:16 - [MESSAGE][PASSED] - Scroll to object 'Object Repository/dev_env/Page_UangTeman.com Pinjaman online/a_ajukan pinjaman' successfully

2018-03-29 11:43:16 - [TEST_STEP][PASSED] - click: Object: 'Object Repository/dev_env/Page_UangTeman.com Pinjaman online/a_ajukan pinjaman' is clicked on

2018-03-29 11:43:21 - [MESSAGE][PASSED] - Object: 'Object Repository/dev_env/Page_UangTeman.com Pinjaman online/a_ajukan pinjaman' is clicked on

2018-03-29 11:43:21 - [TEST_STEP][PASSED] - click: Object: 'Object Repository/dev_env/Page_/div_slider-handle min-slider-h' is clicked on

2018-03-29 11:43:21 - [MESSAGE][PASSED] - Object: 'Object Repository/dev_env/Page_/div_slider-handle min-slider-h' is clicked on

2018-03-29 11:43:21 - [TEST_STEP][PASSED] - click: Object: 'Object Repository/dev_env/Page_/a_PINJAM SEKARANG' is clicked on

2018-03-29 11:43:21 - [MESSAGE][PASSED] - Object: 'Object Repository/dev_env/Page_/a_PINJAM SEKARANG' is clicked on

2018-03-29 11:43:21 - [TEST_STEP][PASSED] - click: Object: 'Object Repository/dev_env/Page_UangTeman.com Pinjaman online/button_Saya Setuju dengan Syar' is clicked on

2018-03-29 11:43:23 - [MESSAGE][PASSED] - Object: 'Object Repository/dev_env/Page_UangTeman.com Pinjaman online/button_Saya Setuju dengan Syar' is clicked on

2018-03-29 11:43:23 - [TEST_STEP][PASSED] - waitForElementVisible: Object 'Object Repository/dev_env/Page_UangTeman.com Pinjaman online/input_ap_email_address' is not visible after 1 second(s)

2018-03-29 11:43:24 - [MESSAGE][WARNING] - Object 'Object Repository/dev_env/Page_UangTeman.com Pinjaman online/input_ap_email_address' is not visible after 1 second(s)

2018-03-29 11:43:24 - [TEST_STEP][FAILED] - setText: Unable to set text 'testautomation28.3@mailinator.com' of object 'Object Repository/dev_env/Page_UangTeman.com Pinjaman online/input_ap_email_address' (Root cause: org.openqa.selenium.InvalidElementStateException: invalid element state: Element is not currently interactable and may not be manipulated
  (Session info: chrome=65.0.3325.181)
  (Driver info: chromedriver=2.35.528157 (4429ca2590d6988c0745c24c8858745aaaec01ef),platform=Mac OS X 10.12.6 x86_64) (WARNING: The server did not provide any stacktrace information)
Command duration or timeout: 0 milliseconds
Build info: version: '3.7.1', revision: '8a0099a', time: '2017-11-06T21:07:36.161Z'
System info: host: 'UTMAC-25.local', ip: 'fe80:0:0:0:48:42b9:77af:fa74%en0', os.name: 'Mac OS X', os.arch: 'x86_64', os.version: '10.12.6', java.version: '1.8.0_102'
Driver info: com.kms.katalon.selenium.driver.CChromeDriver
Capabilities {acceptInsecureCerts: false, acceptSslCerts: false, applicationCacheEnabled: false, browserConnectionEnabled: false, browserName: chrome, chrome: {chromedriverVersion: 2.35.528157 (4429ca2590d698..., userDataDir: /var/folders/7l/zbcjnp6j4sg...}, cssSelectorsEnabled: true, databaseEnabled: false, handlesAlerts: true, hasTouchScreen: false, javascriptEnabled: true, locationContextEnabled: true, mobileEmulationEnabled: false, nativeEvents: true, networkConnectionEnabled: false, pageLoadStrategy: normal, platform: MAC, platformName: MAC, rotatable: false, setWindowRect: true, takesHeapSnapshot: true, takesScreenshot: true, unexpectedAlertBehaviour: , unhandledPromptBehavior: , version: 65.0.3325.181, webStorageEnabled: true}
Session ID: bf8f9aa637a0d9c66fa5aefed140cc43)

2018-03-29 11:43:25 - [MESSAGE][FAILED] - Unable to set text 'testautomation28.3@mailinator.com' of object 'Object Repository/dev_env/Page_UangTeman.com Pinjaman online/input_ap_email_address' (Root cause: org.openqa.selenium.InvalidElementStateException: invalid element state: Element is not currently interactable and may not be manipulated
  (Session info: chrome=65.0.3325.181)
  (Driver info: chromedriver=2.35.528157 (4429ca2590d6988c0745c24c8858745aaaec01ef),platform=Mac OS X 10.12.6 x86_64) (WARNING: The server did not provide any stacktrace information)
Command duration or timeout: 0 milliseconds
Build info: version: '3.7.1', revision: '8a0099a', time: '2017-11-06T21:07:36.161Z'
System info: host: 'UTMAC-25.local', ip: 'fe80:0:0:0:48:42b9:77af:fa74%en0', os.name: 'Mac OS X', os.arch: 'x86_64', os.version: '10.12.6', java.version: '1.8.0_102'
Driver info: com.kms.katalon.selenium.driver.CChromeDriver
Capabilities {acceptInsecureCerts: false, acceptSslCerts: false, applicationCacheEnabled: false, browserConnectionEnabled: false, browserName: chrome, chrome: {chromedriverVersion: 2.35.528157 (4429ca2590d698..., userDataDir: /var/folders/7l/zbcjnp6j4sg...}, cssSelectorsEnabled: true, databaseEnabled: false, handlesAlerts: true, hasTouchScreen: false, javascriptEnabled: true, locationContextEnabled: true, mobileEmulationEnabled: false, nativeEvents: true, networkConnectionEnabled: false, pageLoadStrategy: normal, platform: MAC, platformName: MAC, rotatable: false, setWindowRect: true, takesHeapSnapshot: true, takesScreenshot: true, unexpectedAlertBehaviour: , unhandledPromptBehavior: , version: 65.0.3325.181, webStorageEnabled: true}
Session ID: bf8f9aa637a0d9c66fa5aefed140cc43)
[[ATTACHMENT|/Users/pandu.buana/Katalon Studio/testerProject/Reports/testSuite1/20180329_114258/1522298604940.png]]]]></system-out>
         <system-err><![CDATA[2018-03-29 11:43:02 - [TEST_CASE][FAILED] - Test Cases/Create L0: Test Cases/Create L0 FAILED because (of) Unable to set text 'testautomation28.3@mailinator.com' of object 'Object Repository/dev_env/Page_UangTeman.com Pinjaman online/input_ap_email_address' (Root cause: org.openqa.selenium.InvalidElementStateException: invalid element state: Element is not currently interactable and may not be manipulated
  (Session info: chrome=65.0.3325.181)
  (Driver info: chromedriver=2.35.528157 (4429ca2590d6988c0745c24c8858745aaaec01ef),platform=Mac OS X 10.12.6 x86_64) (WARNING: The server did not provide any stacktrace information)
Command duration or timeout: 0 milliseconds
Build info: version: '3.7.1', revision: '8a0099a', time: '2017-11-06T21:07:36.161Z'
System info: host: 'UTMAC-25.local', ip: 'fe80:0:0:0:48:42b9:77af:fa74%en0', os.name: 'Mac OS X', os.arch: 'x86_64', os.version: '10.12.6', java.version: '1.8.0_102'
Driver info: com.kms.katalon.selenium.driver.CChromeDriver
Capabilities {acceptInsecureCerts: false, acceptSslCerts: false, applicationCacheEnabled: false, browserConnectionEnabled: false, browserName: chrome, chrome: {chromedriverVersion: 2.35.528157 (4429ca2590d698..., userDataDir: /var/folders/7l/zbcjnp6j4sg...}, cssSelectorsEnabled: true, databaseEnabled: false, handlesAlerts: true, hasTouchScreen: false, javascriptEnabled: true, locationContextEnabled: true, mobileEmulationEnabled: false, nativeEvents: true, networkConnectionEnabled: false, pageLoadStrategy: normal, platform: MAC, platformName: MAC, rotatable: false, setWindowRect: true, takesHeapSnapshot: true, takesScreenshot: true, unexpectedAlertBehaviour: , unhandledPromptBehavior: , version: 65.0.3325.181, webStorageEnabled: true}
Session ID: bf8f9aa637a0d9c66fa5aefed140cc43)]]></system-err>
      </testcase>
      <system-out><![CDATA[2018-03-29 11:43:01 - [TEST_SUITE][FAILED] - testSuite1: Test Cases/Create L0 FAILED because (of) Unable to set text 'testautomation28.3@mailinator.com' of object 'Object Repository/dev_env/Page_UangTeman.com Pinjaman online/input_ap_email_address' (Root cause: org.openqa.selenium.InvalidElementStateException: invalid element state: Element is not currently interactable and may not be manipulated
  (Session info: chrome=65.0.3325.181)
  (Driver info: chromedriver=2.35.528157 (4429ca2590d6988c0745c24c8858745aaaec01ef),platform=Mac OS X 10.12.6 x86_64) (WARNING: The server did not provide any stacktrace information)
Command duration or timeout: 0 milliseconds
Build info: version: '3.7.1', revision: '8a0099a', time: '2017-11-06T21:07:36.161Z'
System info: host: 'UTMAC-25.local', ip: 'fe80:0:0:0:48:42b9:77af:fa74%en0', os.name: 'Mac OS X', os.arch: 'x86_64', os.version: '10.12.6', java.version: '1.8.0_102'
Driver info: com.kms.katalon.selenium.driver.CChromeDriver
Capabilities {acceptInsecureCerts: false, acceptSslCerts: false, applicationCacheEnabled: false, browserConnectionEnabled: false, browserName: chrome, chrome: {chromedriverVersion: 2.35.528157 (4429ca2590d698..., userDataDir: /var/folders/7l/zbcjnp6j4sg...}, cssSelectorsEnabled: true, databaseEnabled: false, handlesAlerts: true, hasTouchScreen: false, javascriptEnabled: true, locationContextEnabled: true, mobileEmulationEnabled: false, nativeEvents: true, networkConnectionEnabled: false, pageLoadStrategy: normal, platform: MAC, platformName: MAC, rotatable: false, setWindowRect: true, takesHeapSnapshot: true, takesScreenshot: true, unexpectedAlertBehaviour: , unhandledPromptBehavior: , version: 65.0.3325.181, webStorageEnabled: true}
Session ID: bf8f9aa637a0d9c66fa5aefed140cc43)]]></system-out>
      <system-err><![CDATA[2018-03-29 11:43:01 - [TEST_SUITE][FAILED] - testSuite1: Test Cases/Create L0 FAILED because (of) Unable to set text 'testautomation28.3@mailinator.com' of object 'Object Repository/dev_env/Page_UangTeman.com Pinjaman online/input_ap_email_address' (Root cause: org.openqa.selenium.InvalidElementStateException: invalid element state: Element is not currently interactable and may not be manipulated
  (Session info: chrome=65.0.3325.181)
  (Driver info: chromedriver=2.35.528157 (4429ca2590d6988c0745c24c8858745aaaec01ef),platform=Mac OS X 10.12.6 x86_64) (WARNING: The server did not provide any stacktrace information)
Command duration or timeout: 0 milliseconds
Build info: version: '3.7.1', revision: '8a0099a', time: '2017-11-06T21:07:36.161Z'
System info: host: 'UTMAC-25.local', ip: 'fe80:0:0:0:48:42b9:77af:fa74%en0', os.name: 'Mac OS X', os.arch: 'x86_64', os.version: '10.12.6', java.version: '1.8.0_102'
Driver info: com.kms.katalon.selenium.driver.CChromeDriver
Capabilities {acceptInsecureCerts: false, acceptSslCerts: false, applicationCacheEnabled: false, browserConnectionEnabled: false, browserName: chrome, chrome: {chromedriverVersion: 2.35.528157 (4429ca2590d698..., userDataDir: /var/folders/7l/zbcjnp6j4sg...}, cssSelectorsEnabled: true, databaseEnabled: false, handlesAlerts: true, hasTouchScreen: false, javascriptEnabled: true, locationContextEnabled: true, mobileEmulationEnabled: false, nativeEvents: true, networkConnectionEnabled: false, pageLoadStrategy: normal, platform: MAC, platformName: MAC, rotatable: false, setWindowRect: true, takesHeapSnapshot: true, takesScreenshot: true, unexpectedAlertBehaviour: , unhandledPromptBehavior: , version: 65.0.3325.181, webStorageEnabled: true}
Session ID: bf8f9aa637a0d9c66fa5aefed140cc43)]]></system-err>
   </testsuite>
</testsuites>
